<?xml version="1.0" encoding="UTF-8"?>
<!-- Generated by org.testng.reporters.JUnitReportReporter -->
<testsuite skipped="0" hostname="DESKTOP-HF3J3C8" name="TestNg.AutomateWebApp" tests="3" failures="0" timestamp="2022-10-08T15:44:56 IST" time="84.244" errors="0">
  <testcase name="register" time="25.837" classname="TestNg.AutomateWebApp"/>
  <system-out/>
  <testcase name="login" time="21.641" classname="TestNg.AutomateWebApp"/>
  <system-out/>
  <testcase name="search" time="36.766" classname="TestNg.AutomateWebApp"/>
  <system-out/>
</testsuite> <!-- TestNg.AutomateWebApp -->
